Configuring x509-1.6.3...
Building x509-1.6.3...
Preprocessing library x509-1.6.3...
[ 1 of 13] Compiling Data.X509.OID    ( Data/X509/OID.hs, .stack-work/dist/x86_64-osx/Cabal-1.22.5.0/build/Data/X509/OID.o )

Data/X509/OID.hs:15:1: Warning:
    The import of ‘Control.Applicative’ is redundant
      except perhaps to import instances from ‘Control.Applicative’
    To import instances alone, use: import Control.Applicative()
[ 2 of 13] Compiling Data.X509.Internal ( Data/X509/Internal.hs, .stack-work/dist/x86_64-osx/Cabal-1.22.5.0/build/Data/X509/Internal.o )
[ 3 of 13] Compiling Data.X509.DistinguishedName ( Data/X509/DistinguishedName.hs, .stack-work/dist/x86_64-osx/Cabal-1.22.5.0/build/Data/X509/DistinguishedName.o )

Data/X509/DistinguishedName.hs:18:1: Warning:
    The import of ‘Control.Applicative’ is redundant
      except perhaps to import instances from ‘Control.Applicative’
    To import instances alone, use: import Control.Applicative()

Data/X509/DistinguishedName.hs:19:1: Warning:
    The import of ‘Data.Monoid’ is redundant
      except perhaps to import instances from ‘Data.Monoid’
    To import instances alone, use: import Data.Monoid()
[ 4 of 13] Compiling Data.X509.ExtensionRaw ( Data/X509/ExtensionRaw.hs, .stack-work/dist/x86_64-osx/Cabal-1.22.5.0/build/Data/X509/ExtensionRaw.o )

Data/X509/ExtensionRaw.hs:15:1: Warning:
    The import of ‘Control.Applicative’ is redundant
      except perhaps to import instances from ‘Control.Applicative’
    To import instances alone, use: import Control.Applicative()
[ 5 of 13] Compiling Data.X509.Ext    ( Data/X509/Ext.hs, .stack-work/dist/x86_64-osx/Cabal-1.22.5.0/build/Data/X509/Ext.o )

Data/X509/Ext.hs:42:1: Warning:
    The import of ‘Data.X509.Internal’ is redundant
      except perhaps to import instances from ‘Data.X509.Internal’
    To import instances alone, use: import Data.X509.Internal()

Data/X509/Ext.hs:43:1: Warning:
    The import of ‘Control.Applicative’ is redundant
      except perhaps to import instances from ‘Control.Applicative’
    To import instances alone, use: import Control.Applicative()
[ 6 of 13] Compiling Data.X509.AlgorithmIdentifier ( Data/X509/AlgorithmIdentifier.hs, .stack-work/dist/x86_64-osx/Cabal-1.22.5.0/build/Data/X509/AlgorithmIdentifier.o )
[ 7 of 13] Compiling Data.X509.CRL    ( Data/X509/CRL.hs, .stack-work/dist/x86_64-osx/Cabal-1.22.5.0/build/Data/X509/CRL.o )

Data/X509/CRL.hs:19:1: Warning:
    The import of ‘Control.Applicative’ is redundant
      except perhaps to import instances from ‘Control.Applicative’
    To import instances alone, use: import Control.Applicative()
[ 8 of 13] Compiling Data.X509.Signed ( Data/X509/Signed.hs, .stack-work/dist/x86_64-osx/Cabal-1.22.5.0/build/Data/X509/Signed.o )
[ 9 of 13] Compiling Data.X509.PublicKey ( Data/X509/PublicKey.hs, .stack-work/dist/x86_64-osx/Cabal-1.22.5.0/build/Data/X509/PublicKey.o )
